<?xml version="1.0" encoding="UTF-8"?>
<testng-results ignored="0" total="1" passed="1" failed="0" skipped="0">
  <reporter-output>
    <line>
      <![CDATA[07457 : value passed to element : [[ChromeDriver: chrome on WINDOWS (d0f1ce3930c686448e31d7ba61a833a9)] -> id: quote-main-zip-code-input]<br>]]>
    </line>
    <line>
      <![CDATA[Element is clicking : [[ChromeDriver: chrome on WINDOWS (d0f1ce3930c686448e31d7ba61a833a9)] -> id: quote-main-zip-btn]<br>]]>
    </line>
    <line>
      <![CDATA[Element is clicking : [[ChromeDriver: chrome on WINDOWS (d0f1ce3930c686448e31d7ba61a833a9)] -> id: billOfRightsModalCloseLinkId]<br>]]>
    </line>
  </reporter-output>
  <suite started-at="2022-05-09T09:28:09 EDT" name="Default suite" finished-at="2022-05-09T09:28:16 EDT" duration-ms="6771">
    <groups>
    </groups>
    <test started-at="2022-05-09T09:28:09 EDT" name="Default test" finished-at="2022-05-09T09:28:16 EDT" duration-ms="6771">
      <class name="com.allstate.qa.auto.AutoQuoteTest">
        <test-method is-config="true" signature="setUp()[pri:0, instance:com.allstate.qa.auto.AutoQuoteTest@169e6180]" started-at="2022-05-09T09:28:09 EDT" name="setUp" finished-at="2022-05-09T09:28:13 EDT" duration-ms="4168" status="PASS">
          <reporter-output>
          </reporter-output>
        </test-method> <!-- setUp -->
        <test-method signature="AutoTest()[pri:0, instance:com.allstate.qa.auto.AutoQuoteTest@169e6180]" started-at="2022-05-09T09:28:13 EDT" name="AutoTest" finished-at="2022-05-09T09:28:16 EDT" duration-ms="2582" status="PASS">
          <reporter-output>
            <line>
              <![CDATA[07457 : value passed to element : [[ChromeDriver: chrome on WINDOWS (d0f1ce3930c686448e31d7ba61a833a9)] -> id: quote-main-zip-code-input]<br>]]>
            </line>
            <line>
              <![CDATA[Element is clicking : [[ChromeDriver: chrome on WINDOWS (d0f1ce3930c686448e31d7ba61a833a9)] -> id: quote-main-zip-btn]<br>]]>
            </line>
            <line>
              <![CDATA[Element is clicking : [[ChromeDriver: chrome on WINDOWS (d0f1ce3930c686448e31d7ba61a833a9)] -> id: billOfRightsModalCloseLinkId]<br>]]>
            </line>
          </reporter-output>
        </test-method> <!-- AutoTest -->
        <test-method is-config="true" signature="cleaningUp()[pri:0, instance:com.allstate.qa.auto.AutoQuoteTest@169e6180]" started-at="2022-05-09T09:28:16 EDT" name="cleaningUp" finished-at="2022-05-09T09:28:16 EDT" duration-ms="0" status="PASS">
          <reporter-output>
          </reporter-output>
        </test-method> <!-- cleaningUp -->
      </class> <!-- com.allstate.qa.auto.AutoQuoteTest -->
    </test> <!-- Default test -->
  </suite> <!-- Default suite -->
</testng-results>
